Build started 11-Oct-16 6:24:44 PM.
     1>Project "G:\Workspace\openCV_workspace\Graphing\Graphing\Graphing.vcxproj" on node 2 (Build target(s)).
     1>ClCompile:
         C:\Program Files (x86)\Microsoft Visual Studio 12.0\VC\bin\CL.exe /c /IC:\opencv\build\\include /ZI /nologo /W3 /WX- /sdl /Od /Oy- /D WIN32 /D _DEBUG /D _CONSOLE /D _LIB /D _UNICODE /D UNICODE /Gm /EHsc /RTC1 /MDd /GS /fp:precise /Zc:wchar_t /Zc:forScope /Yu"stdafx.h" /Fp"Debug\Graphing.pch" /Fo"Debug\\" /Fd"Debug\vc120.pdb" /Gd /TP /analyze- /errorReport:prompt Graphing.cpp
         Graphing.cpp
     1>g:\workspace\opencv_workspace\graphing\graphing\graphing.cpp(106): warning C4244: 'argument' : conversion from 'double' to 'int', possible loss of data
     1>g:\workspace\opencv_workspace\graphing\graphing\graphing.cpp(107): warning C4244: 'argument' : conversion from 'double' to 'int', possible loss of data
     1>g:\workspace\opencv_workspace\graphing\graphing\graphing.cpp(108): warning C4244: 'argument' : conversion from 'double' to 'int', possible loss of data
     1>g:\workspace\opencv_workspace\graphing\graphing\graphing.cpp(112): warning C4244: 'argument' : conversion from 'double' to 'int', possible loss of data
     1>g:\workspace\opencv_workspace\graphing\graphing\graphing.cpp(113): warning C4244: 'argument' : conversion from 'double' to 'int', possible loss of data
     1>g:\workspace\opencv_workspace\graphing\graphing\graphing.cpp(114): warning C4244: 'argument' : conversion from 'double' to 'int', possible loss of data
     1>g:\workspace\opencv_workspace\graphing\graphing\graphing.cpp(119): warning C4244: 'initializing' : conversion from 'double' to 'int', possible loss of data
     1>g:\workspace\opencv_workspace\graphing\graphing\graphing.cpp(119): warning C4244: '+=' : conversion from 'double' to 'int', possible loss of data
     1>g:\workspace\opencv_workspace\graphing\graphing\graphing.cpp(120): warning C4244: 'initializing' : conversion from 'double' to 'int', possible loss of data
     1>g:\workspace\opencv_workspace\graphing\graphing\graphing.cpp(121): warning C4244: 'argument' : conversion from 'double' to 'int', possible loss of data
     1>g:\workspace\opencv_workspace\graphing\graphing\graphing.cpp(122): warning C4244: 'initializing' : conversion from 'double' to 'int', possible loss of data
     1>g:\workspace\opencv_workspace\graphing\graphing\graphing.cpp(122): warning C4244: '-=' : conversion from 'double' to 'int', possible loss of data
     1>g:\workspace\opencv_workspace\graphing\graphing\graphing.cpp(123): warning C4244: 'initializing' : conversion from 'double' to 'int', possible loss of data
     1>g:\workspace\opencv_workspace\graphing\graphing\graphing.cpp(124): warning C4244: 'argument' : conversion from 'double' to 'int', possible loss of data
     1>g:\workspace\opencv_workspace\graphing\graphing\graphing.cpp(125): warning C4244: 'initializing' : conversion from 'double' to 'int', possible loss of data
     1>g:\workspace\opencv_workspace\graphing\graphing\graphing.cpp(125): warning C4244: '+=' : conversion from 'double' to 'int', possible loss of data
     1>g:\workspace\opencv_workspace\graphing\graphing\graphing.cpp(126): warning C4244: 'initializing' : conversion from 'double' to 'int', possible loss of data
     1>g:\workspace\opencv_workspace\graphing\graphing\graphing.cpp(127): warning C4244: 'argument' : conversion from 'double' to 'int', possible loss of data
     1>g:\workspace\opencv_workspace\graphing\graphing\graphing.cpp(128): warning C4244: 'initializing' : conversion from 'double' to 'int', possible loss of data
     1>g:\workspace\opencv_workspace\graphing\graphing\graphing.cpp(128): warning C4244: '-=' : conversion from 'double' to 'int', possible loss of data
     1>g:\workspace\opencv_workspace\graphing\graphing\graphing.cpp(129): warning C4244: 'initializing' : conversion from 'double' to 'int', possible loss of data
     1>g:\workspace\opencv_workspace\graphing\graphing\graphing.cpp(130): warning C4244: 'argument' : conversion from 'double' to 'int', possible loss of data
     1>g:\workspace\opencv_workspace\graphing\graphing\graphing.cpp(146): warning C4244: 'argument' : conversion from 'double' to 'int', possible loss of data
     1>g:\workspace\opencv_workspace\graphing\graphing\graphing.cpp(147): warning C4244: 'argument' : conversion from 'double' to 'int', possible loss of data
     1>g:\workspace\opencv_workspace\graphing\graphing\graphing.cpp(148): warning C4244: 'argument' : conversion from 'double' to 'int', possible loss of data
     1>g:\workspace\opencv_workspace\graphing\graphing\graphing.cpp(153): warning C4244: 'argument' : conversion from 'double' to 'int', possible loss of data
     1>g:\workspace\opencv_workspace\graphing\graphing\graphing.cpp(154): warning C4244: 'argument' : conversion from 'double' to 'int', possible loss of data
     1>g:\workspace\opencv_workspace\graphing\graphing\graphing.cpp(155): warning C4244: 'argument' : conversion from 'double' to 'int', possible loss of data
     1>g:\workspace\opencv_workspace\graphing\graphing\graphing.cpp(160): warning C4244: 'argument' : conversion from 'double' to 'int', possible loss of data
     1>g:\workspace\opencv_workspace\graphing\graphing\graphing.cpp(161): warning C4244: 'argument' : conversion from 'double' to 'int', possible loss of data
     1>g:\workspace\opencv_workspace\graphing\graphing\graphing.cpp(162): warning C4244: 'argument' : conversion from 'double' to 'int', possible loss of data
     1>g:\workspace\opencv_workspace\graphing\graphing\graphing.cpp(167): warning C4244: 'argument' : conversion from 'double' to 'int', possible loss of data
     1>g:\workspace\opencv_workspace\graphing\graphing\graphing.cpp(168): warning C4244: 'argument' : conversion from 'double' to 'int', possible loss of data
     1>g:\workspace\opencv_workspace\graphing\graphing\graphing.cpp(169): warning C4244: 'argument' : conversion from 'double' to 'int', possible loss of data
     1>g:\workspace\opencv_workspace\graphing\graphing\graphing.cpp(271): warning C4244: '=' : conversion from 'double' to 'int', possible loss of data
     1>g:\workspace\opencv_workspace\graphing\graphing\graphing.cpp(272): warning C4244: '=' : conversion from 'double' to 'int', possible loss of data
       Link:
         C:\Program Files (x86)\Microsoft Visual Studio 12.0\VC\bin\link.exe /ERRORREPORT:PROMPT /OUT:"G:\Workspace\openCV_workspace\Graphing\Debug\Graphing.exe" /INCREMENTAL /NOLOGO /LIBPATH:C:\opencv\build\x86\vc12\lib opencv_calib3d2410d.lib opencv_contrib2410d.lib opencv_core2410d.lib opencv_features2d2410d.lib opencv_flann2410d.lib opencv_gpu2410d.lib opencv_highgui2410d.lib opencv_imgproc2410d.lib opencv_legacy2410d.lib opencv_ml2410d.lib opencv_nonfree2410d.lib opencv_objdetect2410d.lib opencv_ocl2410d.lib opencv_photo2410d.lib opencv_stitching2410d.lib opencv_superres2410d.lib opencv_ts2410d.lib opencv_video2410d.lib opencv_videostab2410d.lib kernel32.lib user32.lib gdi32.lib winspool.lib comdlg32.lib advapi32.lib shell32.lib ole32.lib oleaut32.lib uuid.lib odbc32.lib odbccp32.lib /MANIFEST /MANIFESTUAC:"level='asInvoker' uiAccess='false'" /manifest:embed /DEBUG /PDB:"G:\Workspace\openCV_workspace\Graphing\Debug\Graphing.pdb" /SUBSYSTEM:CONSOLE /STACK:"104857600" /TLBID:1 /DYNAMICBASE /NXCOMPAT /IMPLIB:"G:\Workspace\openCV_workspace\Graphing\Debug\Graphing.lib" /MACHINE:X86 Debug\Graph.obj
         Debug\Graphing.obj
         Debug\Matrix.obj
         Debug\stdafx.obj
         Graphing.vcxproj -> G:\Workspace\openCV_workspace\Graphing\Debug\Graphing.exe
     1>Done Building Project "G:\Workspace\openCV_workspace\Graphing\Graphing\Graphing.vcxproj" (Build target(s)).

Build succeeded.

Time Elapsed 00:00:00.66
